Using pre-set license
Built from '2020.3/staging' branch; Version is '2020.3.19f1 (68f137dc9bbe) revision 6877495'; Using compiler version '192528614'; Build Type 'Release'
OS: 'Windows 10 Pro; OS build 19044.1526; Version 2009; 64bit' Language: 'en' Physical Memory: 16310 MB
BatchMode: 1, IsHumanControllingUs: 0, StartBugReporterOnCrash: 0, Is64bit: 1, IsPro: 0

COMMAND LINE ARGUMENTS:
C:\Program Files\Unity\Hub\Editor\2020.3.19f1\Editor\Unity.exe
-adb2
-batchMode
-noUpm
-name
AssetImportWorker0
-projectPath
C:/Users/Nick/Desktop/GDC/Caravan-Master/Caravan Master
-logFile
Logs/AssetImportWorker0.log
-srvPort
63433
Successfully changed project path to: C:/Users/Nick/Desktop/GDC/Caravan-Master/Caravan Master
C:/Users/Nick/Desktop/GDC/Caravan-Master/Caravan Master
Using Asset Import Pipeline V2.
Refreshing native plugins compatible for Editor in 41.27 ms, found 3 plugins.
Preloading 0 native plugins for Editor in 0.00 ms.
Initialize engine version: 2020.3.19f1 (68f137dc9bbe)
[Subsystems] Discovering subsystems at path C:/Program Files/Unity/Hub/Editor/2020.3.19f1/Editor/Data/Resources/UnitySubsystems
[Subsystems] Discovering subsystems at path C:/Users/Nick/Desktop/GDC/Caravan-Master/Caravan Master/Assets
GfxDevice: creating device client; threaded=0
Direct3D:
    Version:  Direct3D 11.0 [level 11.1]
    Renderer: AMD Radeon RX 5600 XT (ID=0x731f)
    Vendor:   
    VRAM:     6103 MB
    Driver:   30.0.14023.3004
Initialize mono
Mono path[0] = 'C:/Program Files/Unity/Hub/Editor/2020.3.19f1/Editor/Data/Managed'
Mono path[1] = 'C:/Program Files/Unity/Hub/Editor/2020.3.19f1/Editor/Data/MonoBleedingEdge/lib/mono/unityjit'
Mono config path = 'C:/Program Files/Unity/Hub/Editor/2020.3.19f1/Editor/Data/MonoBleedingEdge/etc'
Using monoOptions --debugger-agent=transport=dt_socket,embedding=1,server=y,suspend=n,address=127.0.0.1:56572
Begin MonoManager ReloadAssembly
Registering precompiled unity dll's ...
Register platform support module: C:/Program Files/Unity/Hub/Editor/2020.3.19f1/Editor/Data/PlaybackEngines/WindowsStandaloneSupport/UnityEditor.WindowsStandalone.Extensions.dll
Registered in 0.002174 seconds.
Native extension for WindowsStandalone target not found
Refreshing native plugins compatible for Editor in 41.89 ms, found 3 plugins.
Preloading 0 native plugins for Editor in 0.00 ms.
Mono: successfully reloaded assembly
- Completed reload, in  1.740 seconds
Domain Reload Profiling:
	ReloadAssembly (1740ms)
		BeginReloadAssembly (52ms)
			ExecutionOrderSort (0ms)
			DisableScriptedObjects (0ms)
			BackupInstance (0ms)
			ReleaseScriptingObjects (0ms)
			CreateAndSetChildDomain (1ms)
		EndReloadAssembly (380ms)
			LoadAssemblies (50ms)
			RebuildTransferFunctionScriptingTraits (0ms)
			SetupTypeCache (137ms)
			ReleaseScriptCaches (0ms)
			RebuildScriptCaches (26ms)
			SetupLoadedEditorAssemblies (152ms)
				LogAssemblyErrors (0ms)
				InitializePlatformSupportModulesInManaged (4ms)
				SetLoadedEditorAssemblies (0ms)
				RefreshPlugins (42ms)
				BeforeProcessingInitializeOnLoad (7ms)
				ProcessInitializeOnLoadAttributes (73ms)
				ProcessInitializeOnLoadMethodAttributes (25ms)
				AfterProcessingInitializeOnLoad (0ms)
				EditorAssembliesLoaded (0ms)
			ExecutionOrderSort2 (0ms)
			AwakeInstancesAfterBackupRestoration (0ms)
Platform modules already initialized, skipping
Registering precompiled user dll's ...
Registered in 0.003283 seconds.
Begin MonoManager ReloadAssembly
Symbol file data-0000027B73320020 doesn't match image C:\Users\Nick\Desktop\GDC\Caravan-Master\Caravan Master\Library\ScriptAssemblies\Unity.2D.Animation.Editor.dll
Symbol file LoadedFromMemory is not a mono symbol file
Symbol file data-0000027B70F30030 doesn't match image C:\Users\Nick\Desktop\GDC\Caravan-Master\Caravan Master\Library\ScriptAssemblies\Unity.InternalAPIEngineBridge.001.dll
Symbol file LoadedFromMemory is not a mono symbol file
Symbol file data-0000027B70EE5800 doesn't match image C:\Users\Nick\Desktop\GDC\Caravan-Master\Caravan Master\Library\ScriptAssemblies\Unity.VSCode.Editor.dll
Symbol file LoadedFromMemory is not a mono symbol file
Symbol file data-0000027B70E65CD0 doesn't match image C:\Users\Nick\Desktop\GDC\Caravan-Master\Caravan Master\Library\ScriptAssemblies\Unity.2D.PixelPerfect.dll
Symbol file LoadedFromMemory is not a mono symbol file
Symbol file data-0000027B70FDC010 doesn't match image C:\Users\Nick\Desktop\GDC\Caravan-Master\Caravan Master\Library\ScriptAssemblies\Unity.2D.Tilemap.Editor.dll
Symbol file LoadedFromMemory is not a mono symbol file
Symbol file data-0000027B70D6FCF0 doesn't match image C:\Users\Nick\Desktop\GDC\Caravan-Master\Caravan Master\Library\ScriptAssemblies\PsdPlugin.dll
Symbol file LoadedFromMemory is not a mono symbol file
Symbol file data-0000027B70D81E90 doesn't match image C:\Users\Nick\Desktop\GDC\Caravan-Master\Caravan Master\Library\ScriptAssemblies\Unity.TextMeshPro.Editor.dll
Symbol file LoadedFromMemory is not a mono symbol file
Symbol file data-0000027B746F2010 doesn't match image C:\Users\Nick\Desktop\GDC\Caravan-Master\Caravan Master\Library\ScriptAssemblies\Unity.VisualStudio.Editor.dll
Symbol file LoadedFromMemory is not a mono symbol file
Symbol file data-0000027B70D974A0 doesn't match image C:\Users\Nick\Desktop\GDC\Caravan-Master\Caravan Master\Library\ScriptAssemblies\UnityEngine.TestRunner.dll
Symbol file LoadedFromMemory is not a mono symbol file
Symbol file data-0000027B7333A830 doesn't match image C:\Users\Nick\Desktop\GDC\Caravan-Master\Caravan Master\Library\ScriptAssemblies\Unity.Timeline.dll
Symbol file LoadedFromMemory is not a mono symbol file
Symbol file data-0000027B731E2010 doesn't match image C:\Users\Nick\Desktop\GDC\Caravan-Master\Caravan Master\Library\ScriptAssemblies\Unity.TextMeshPro.dll
Symbol file LoadedFromMemory is not a mono symbol file
Symbol file data-0000027B73210220 doesn't match image C:\Users\Nick\Desktop\GDC\Caravan-Master\Caravan Master\Library\ScriptAssemblies\UnityEditor.TestRunner.dll
Symbol file LoadedFromMemory is not a mono symbol file
Symbol file data-0000027B70D9F4B0 doesn't match image C:\Users\Nick\Desktop\GDC\Caravan-Master\Caravan Master\Library\ScriptAssemblies\Unity.2D.IK.Editor.dll
Symbol file LoadedFromMemory is not a mono symbol file
Symbol file data-0000027B73210220 doesn't match image C:\Users\Nick\Desktop\GDC\Caravan-Master\Caravan Master\Library\ScriptAssemblies\Unity.2D.Sprite.Editor.dll
Symbol file LoadedFromMemory is not a mono symbol file
Symbol file data-0000027B70FB0020 doesn't match image C:\Users\Nick\Desktop\GDC\Caravan-Master\Caravan Master\Library\ScriptAssemblies\Unity.2D.Psdimporter.Editor.dll
Symbol file LoadedFromMemory is not a mono symbol file
Symbol file data-0000027B74ABD220 doesn't match image C:\Users\Nick\Desktop\GDC\Caravan-Master\Caravan Master\Library\ScriptAssemblies\Unity.2D.Path.Editor.dll
Symbol file LoadedFromMemory is not a mono symbol file
Symbol file data-0000027B70ED1010 doesn't match image C:\Users\Nick\Desktop\GDC\Caravan-Master\Caravan Master\Library\ScriptAssemblies\Unity.InternalAPIEditorBridge.001.dll
Symbol file LoadedFromMemory is not a mono symbol file
Symbol file data-0000027B72CFE640 doesn't match image C:\Users\Nick\Desktop\GDC\Caravan-Master\Caravan Master\Library\ScriptAssemblies\UnityEditor.UI.dll
Symbol file LoadedFromMemory is not a mono symbol file
Symbol file data-0000027B7349B010 doesn't match image C:\Users\Nick\Desktop\GDC\Caravan-Master\Caravan Master\Library\ScriptAssemblies\Unity.PlasticSCM.Editor.dll
Symbol file LoadedFromMemory is not a mono symbol file
Symbol file data-0000027B712F20C0 doesn't match image C:\Users\Nick\Desktop\GDC\Caravan-Master\Caravan Master\Library\ScriptAssemblies\Unity.Rider.Editor.dll
Symbol file LoadedFromMemory is not a mono symbol file
Symbol file data-0000027B7333A830 doesn't match image C:\Users\Nick\Desktop\GDC\Caravan-Master\Caravan Master\Library\ScriptAssemblies\UnityEngine.UI.dll
Symbol file LoadedFromMemory is not a mono symbol file
Symbol file data-0000027B72B65030 doesn't match image C:\Users\Nick\Desktop\GDC\Caravan-Master\Caravan Master\Library\ScriptAssemblies\Unity.Mathematics.dll
Symbol file LoadedFromMemory is not a mono symbol file
Symbol file data-0000027B73221630 doesn't match image C:\Users\Nick\Desktop\GDC\Caravan-Master\Caravan Master\Library\ScriptAssemblies\Unity.2D.IK.Runtime.dll
Symbol file LoadedFromMemory is not a mono symbol file
Symbol file data-0000027B7333A830 doesn't match image C:\Users\Nick\Desktop\GDC\Caravan-Master\Caravan Master\Library\ScriptAssemblies\Unity.2D.Animation.Triangle.Runtime.dll
Symbol file LoadedFromMemory is not a mono symbol file
Symbol file data-0000027B7352D230 doesn't match image C:\Users\Nick\Desktop\GDC\Caravan-Master\Caravan Master\Library\ScriptAssemblies\Unity.2D.Animation.Runtime.dll
Symbol file LoadedFromMemory is not a mono symbol file
Symbol file data-0000027B72BE30D0 doesn't match image C:\Users\Nick\Desktop\GDC\Caravan-Master\Caravan Master\Library\ScriptAssemblies\Unity.2D.PixelPerfect.Editor.dll
Symbol file LoadedFromMemory is not a mono symbol file
Symbol file data-0000027B72DF2010 doesn't match image C:\Users\Nick\Desktop\GDC\Caravan-Master\Caravan Master\Library\ScriptAssemblies\Unity.Timeline.Editor.dll
Symbol file LoadedFromMemory is not a mono symbol file
Symbol file data-0000027B70FEF220 doesn't match image C:\Users\Nick\Desktop\GDC\Caravan-Master\Caravan Master\Library\ScriptAssemblies\Unity.CollabProxy.Editor.dll
Symbol file LoadedFromMemory is not a mono symbol file
Symbol file data-0000027B74A10020 doesn't match image C:\Users\Nick\Desktop\GDC\Caravan-Master\Caravan Master\Library\ScriptAssemblies\Unity.Mathematics.Editor.dll
Symbol file LoadedFromMemory is not a mono symbol file
Symbol file data-0000027B745F77D0 doesn't match image C:\Users\Nick\Desktop\GDC\Caravan-Master\Caravan Master\Library\ScriptAssemblies\Unity.2D.Common.Runtime.dll
Symbol file LoadedFromMemory is not a mono symbol file
Symbol file data-0000027B72CFE640 doesn't match image C:\Users\Nick\Desktop\GDC\Caravan-Master\Caravan Master\Library\ScriptAssemblies\Unity.2D.SpriteShape.Editor.dll
Symbol file LoadedFromMemory is not a mono symbol file
Symbol file data-0000027B70D9F4B0 doesn't match image C:\Users\Nick\Desktop\GDC\Caravan-Master\Caravan Master\Library\ScriptAssemblies\Unity.2D.Common.Editor.dll
Symbol file LoadedFromMemory is not a mono symbol file
Symbol file data-0000027B70FEF220 doesn't match image C:\Users\Nick\Desktop\GDC\Caravan-Master\Caravan Master\Library\ScriptAssemblies\Unity.2D.SpriteShape.Runtime.dll
Symbol file LoadedFromMemory is not a mono symbol file
Native extension for WindowsStandalone target not found
Refreshing native plugins compatible for Editor in 38.37 ms, found 3 plugins.
Preloading 0 native plugins for Editor in 0.00 ms.
Mono: successfully reloaded assembly
- Completed reload, in  1.002 seconds
Domain Reload Profiling:
	ReloadAssembly (1003ms)
		BeginReloadAssembly (132ms)
			ExecutionOrderSort (0ms)
			DisableScriptedObjects (4ms)
			BackupInstance (0ms)
			ReleaseScriptingObjects (0ms)
			CreateAndSetChildDomain (17ms)
		EndReloadAssembly (808ms)
			LoadAssemblies (86ms)
			RebuildTransferFunctionScriptingTraits (0ms)
			SetupTypeCache (262ms)
			ReleaseScriptCaches (0ms)
			RebuildScriptCaches (43ms)
			SetupLoadedEditorAssemblies (305ms)
				LogAssemblyErrors (0ms)
				InitializePlatformSupportModulesInManaged (4ms)
				SetLoadedEditorAssemblies (0ms)
				RefreshPlugins (38ms)
				BeforeProcessingInitializeOnLoad (62ms)
				ProcessInitializeOnLoadAttributes (182ms)
				ProcessInitializeOnLoadMethodAttributes (12ms)
				AfterProcessingInitializeOnLoad (7ms)
				EditorAssembliesLoaded (0ms)
			ExecutionOrderSort2 (0ms)
			AwakeInstancesAfterBackupRestoration (5ms)
Platform modules already initialized, skipping
========================================================================
Worker process is ready to serve import requests
Launched and connected shader compiler UnityShaderCompiler.exe after 0.05 seconds
Refreshing native plugins compatible for Editor in 0.45 ms, found 3 plugins.
Preloading 0 native plugins for Editor in 0.00 ms.
Unloading 2099 Unused Serialized files (Serialized files now loaded: 0)
System memory in use before: 93.3 MB.
System memory in use after: 93.4 MB.

Unloading 26 unused Assets to reduce memory usage. Loaded Objects now: 2540.
Total: 2.823700 ms (FindLiveObjects: 0.187700 ms CreateObjectMapping: 0.046500 ms MarkObjects: 2.531400 ms  DeleteObjects: 0.057000 ms)

AssetImportParameters requested are different than current active one (requested -> active):
  custom:framework-win-MediaFoundation: 216162199b28c13a410421893ffa2e32 -> 
  custom:video-decoder-ogg-theora: a1e56fd34408186e4bbccfd4996cb3dc -> 
  custom:container-muxer-webm: aa71ff27fc2769a1b78a27578f13a17b -> 
  custom:container-demuxer-webm: 4f35f7cbe854078d1ac9338744f61a02 -> 
  custom:container-demuxer-ogg: 62fdf1f143b41e24485cea50d1cbac27 -> 
  custom:video-encoder-webm-vp8: eb34c28f22e8b96e1ab97ce403110664 -> 
  custom:video-decoder-webm-vp8: 9c59270c3fd7afecdb556c50c9e8de78 -> 
  custom:audio-decoder-ogg-vorbis: bf7c407c2cedff20999df2af8eb42d56 -> 
  custom:audio-encoder-webm-vorbis: bf7c407c2cedff20999df2af8eb42d56 -> 
========================================================================
Received Import Request.
  path: Assets/Scripts
  artifactKey: Guid(77ef94ab8d70a854e9b13be39abcf1ae) Importer(815301076,1909f56bfc062723c751e8b465ee728b)
Start importing Assets/Scripts using Guid(77ef94ab8d70a854e9b13be39abcf1ae) Importer(815301076,1909f56bfc062723c751e8b465ee728b)  -> (artifact id: '30ae2686fe99c4f323e2a7321384aed5') in 0.009186 seconds 
  Import took 0.012161 seconds .

========================================================================
Received Import Request.
  Time since last request: 18.289819 seconds.
  path: Assets/Scripts/TradePanel.cs
  artifactKey: Guid(00cc8eaed5b4672479d2156f7d54ef3f) Importer(815301076,1909f56bfc062723c751e8b465ee728b)
Start importing Assets/Scripts/TradePanel.cs using Guid(00cc8eaed5b4672479d2156f7d54ef3f) Importer(815301076,1909f56bfc062723c751e8b465ee728b)  -> (artifact id: 'd0a75dbea801438babf992aff7b9de6c') in 0.024510 seconds 
  Import took 0.027779 seconds .

========================================================================
Received Prepare
Registering precompiled user dll's ...
Registered in 0.003004 seconds.
Begin MonoManager ReloadAssembly
Symbol file data-0000027B776D7060 doesn't match image C:\Users\Nick\Desktop\GDC\Caravan-Master\Caravan Master\Library\ScriptAssemblies\Unity.2D.Animation.Editor.dll
Symbol file LoadedFromMemory is not a mono symbol file
Symbol file data-0000027B74B28B80 doesn't match image C:\Users\Nick\Desktop\GDC\Caravan-Master\Caravan Master\Library\ScriptAssemblies\Unity.InternalAPIEngineBridge.001.dll
Symbol file LoadedFromMemory is not a mono symbol file
Symbol file data-0000027B744C6460 doesn't match image C:\Users\Nick\Desktop\GDC\Caravan-Master\Caravan Master\Library\ScriptAssemblies\Unity.VSCode.Editor.dll
Symbol file LoadedFromMemory is not a mono symbol file
Symbol file data-0000027B76AB4020 doesn't match image C:\Users\Nick\Desktop\GDC\Caravan-Master\Caravan Master\Library\ScriptAssemblies\Unity.2D.PixelPerfect.dll
Symbol file LoadedFromMemory is not a mono symbol file
Symbol file data-0000027B73597010 doesn't match image C:\Users\Nick\Desktop\GDC\Caravan-Master\Caravan Master\Library\ScriptAssemblies\Unity.2D.Tilemap.Editor.dll
Symbol file LoadedFromMemory is not a mono symbol file
Symbol file data-0000027B7342B640 doesn't match image C:\Users\Nick\Desktop\GDC\Caravan-Master\Caravan Master\Library\ScriptAssemblies\PsdPlugin.dll
Symbol file LoadedFromMemory is not a mono symbol file
Symbol file data-0000027B72844410 doesn't match image C:\Users\Nick\Desktop\GDC\Caravan-Master\Caravan Master\Library\ScriptAssemblies\Unity.TextMeshPro.Editor.dll
Symbol file LoadedFromMemory is not a mono symbol file
Symbol file data-0000027B76E5D620 doesn't match image C:\Users\Nick\Desktop\GDC\Caravan-Master\Caravan Master\Library\ScriptAssemblies\Unity.VisualStudio.Editor.dll
Symbol file LoadedFromMemory is not a mono symbol file
Symbol file data-0000027B76EF8020 doesn't match image C:\Users\Nick\Desktop\GDC\Caravan-Master\Caravan Master\Library\ScriptAssemblies\UnityEngine.TestRunner.dll
Symbol file LoadedFromMemory is not a mono symbol file
Symbol file data-0000027B73597010 doesn't match image C:\Users\Nick\Desktop\GDC\Caravan-Master\Caravan Master\Library\ScriptAssemblies\Unity.Timeline.dll
Symbol file LoadedFromMemory is not a mono symbol file
Symbol file data-0000027B77A97930 doesn't match image C:\Users\Nick\Desktop\GDC\Caravan-Master\Caravan Master\Library\ScriptAssemblies\Unity.TextMeshPro.dll
Symbol file LoadedFromMemory is not a mono symbol file
Symbol file data-0000027B7286AB10 doesn't match image C:\Users\Nick\Desktop\GDC\Caravan-Master\Caravan Master\Library\ScriptAssemblies\UnityEditor.TestRunner.dll
Symbol file LoadedFromMemory is not a mono symbol file
Symbol file data-0000027B744C6460 doesn't match image C:\Users\Nick\Desktop\GDC\Caravan-Master\Caravan Master\Library\ScriptAssemblies\Unity.2D.IK.Editor.dll
Symbol file LoadedFromMemory is not a mono symbol file
Symbol file data-0000027B73EA69E0 doesn't match image C:\Users\Nick\Desktop\GDC\Caravan-Master\Caravan Master\Library\ScriptAssemblies\Unity.2D.Sprite.Editor.dll
Symbol file LoadedFromMemory is not a mono symbol file
Symbol file data-0000027B76E5D620 doesn't match image C:\Users\Nick\Desktop\GDC\Caravan-Master\Caravan Master\Library\ScriptAssemblies\Unity.2D.Psdimporter.Editor.dll
Symbol file LoadedFromMemory is not a mono symbol file
Symbol file data-0000027B70D53040 doesn't match image C:\Users\Nick\Desktop\GDC\Caravan-Master\Caravan Master\Library\ScriptAssemblies\Unity.2D.Path.Editor.dll
Symbol file LoadedFromMemory is not a mono symbol file
Symbol file data-0000027B772EA7B0 doesn't match image C:\Users\Nick\Desktop\GDC\Caravan-Master\Caravan Master\Library\ScriptAssemblies\Unity.InternalAPIEditorBridge.001.dll
Symbol file LoadedFromMemory is not a mono symbol file
Symbol file data-0000027B76E5D620 doesn't match image C:\Users\Nick\Desktop\GDC\Caravan-Master\Caravan Master\Library\ScriptAssemblies\UnityEditor.UI.dll
Symbol file LoadedFromMemory is not a mono symbol file
Symbol file data-0000027B73092010 doesn't match image C:\Users\Nick\Desktop\GDC\Caravan-Master\Caravan Master\Library\ScriptAssemblies\Unity.PlasticSCM.Editor.dll
Symbol file LoadedFromMemory is not a mono symbol file
Symbol file data-0000027B75DFDC30 doesn't match image C:\Users\Nick\Desktop\GDC\Caravan-Master\Caravan Master\Library\ScriptAssemblies\Unity.Rider.Editor.dll
Symbol file LoadedFromMemory is not a mono symbol file
Symbol file data-0000027B745D7030 doesn't match image C:\Users\Nick\Desktop\GDC\Caravan-Master\Caravan Master\Library\ScriptAssemblies\UnityEngine.UI.dll
Symbol file LoadedFromMemory is not a mono symbol file
Symbol file data-0000027B72B65030 doesn't match image C:\Users\Nick\Desktop\GDC\Caravan-Master\Caravan Master\Library\ScriptAssemblies\Unity.Mathematics.dll
Symbol file LoadedFromMemory is not a mono symbol file
Symbol file data-0000027B744C6460 doesn't match image C:\Users\Nick\Desktop\GDC\Caravan-Master\Caravan Master\Library\ScriptAssemblies\Unity.2D.IK.Runtime.dll
Symbol file LoadedFromMemory is not a mono symbol file
Symbol file data-0000027B745D7030 doesn't match image C:\Users\Nick\Desktop\GDC\Caravan-Master\Caravan Master\Library\ScriptAssemblies\Unity.2D.Animation.Triangle.Runtime.dll
Symbol file LoadedFromMemory is not a mono symbol file
Symbol file data-0000027B74509CA0 doesn't match image C:\Users\Nick\Desktop\GDC\Caravan-Master\Caravan Master\Library\ScriptAssemblies\Unity.2D.Animation.Runtime.dll
Symbol file LoadedFromMemory is not a mono symbol file
Symbol file data-0000027B74E1F220 doesn't match image C:\Users\Nick\Desktop\GDC\Caravan-Master\Caravan Master\Library\ScriptAssemblies\Unity.2D.PixelPerfect.Editor.dll
Symbol file LoadedFromMemory is not a mono symbol file
Symbol file data-0000027B74A86010 doesn't match image C:\Users\Nick\Desktop\GDC\Caravan-Master\Caravan Master\Library\ScriptAssemblies\Unity.Timeline.Editor.dll
Symbol file LoadedFromMemory is not a mono symbol file
Symbol file data-0000027B76EF8020 doesn't match image C:\Users\Nick\Desktop\GDC\Caravan-Master\Caravan Master\Library\ScriptAssemblies\Unity.CollabProxy.Editor.dll
Symbol file LoadedFromMemory is not a mono symbol file
Symbol file data-0000027B76AB4020 doesn't match image C:\Users\Nick\Desktop\GDC\Caravan-Master\Caravan Master\Library\ScriptAssemblies\Unity.Mathematics.Editor.dll
Symbol file LoadedFromMemory is not a mono symbol file
Symbol file data-0000027B745F79A0 doesn't match image C:\Users\Nick\Desktop\GDC\Caravan-Master\Caravan Master\Library\ScriptAssemblies\Unity.2D.Common.Runtime.dll
Symbol file LoadedFromMemory is not a mono symbol file
Symbol file data-0000027B76E5D620 doesn't match image C:\Users\Nick\Desktop\GDC\Caravan-Master\Caravan Master\Library\ScriptAssemblies\Unity.2D.SpriteShape.Editor.dll
Symbol file LoadedFromMemory is not a mono symbol file
Symbol file data-0000027B744C6460 doesn't match image C:\Users\Nick\Desktop\GDC\Caravan-Master\Caravan Master\Library\ScriptAssemblies\Unity.2D.Common.Editor.dll
Symbol file LoadedFromMemory is not a mono symbol file
Symbol file data-0000027B76EF8020 doesn't match image C:\Users\Nick\Desktop\GDC\Caravan-Master\Caravan Master\Library\ScriptAssemblies\Unity.2D.SpriteShape.Runtime.dll
Symbol file LoadedFromMemory is not a mono symbol file
Native extension for WindowsStandalone target not found
Refreshing native plugins compatible for Editor in 0.47 ms, found 3 plugins.
Preloading 0 native plugins for Editor in 0.00 ms.
Mono: successfully reloaded assembly
- Completed reload, in  0.945 seconds
Domain Reload Profiling:
	ReloadAssembly (946ms)
		BeginReloadAssembly (119ms)
			ExecutionOrderSort (0ms)
			DisableScriptedObjects (5ms)
			BackupInstance (0ms)
			ReleaseScriptingObjects (0ms)
			CreateAndSetChildDomain (33ms)
		EndReloadAssembly (763ms)
			LoadAssemblies (86ms)
			RebuildTransferFunctionScriptingTraits (0ms)
			SetupTypeCache (249ms)
			ReleaseScriptCaches (1ms)
			RebuildScriptCaches (38ms)
			SetupLoadedEditorAssemblies (291ms)
				LogAssemblyErrors (0ms)
				InitializePlatformSupportModulesInManaged (5ms)
				SetLoadedEditorAssemblies (0ms)
				RefreshPlugins (1ms)
				BeforeProcessingInitializeOnLoad (59ms)
				ProcessInitializeOnLoadAttributes (211ms)
				ProcessInitializeOnLoadMethodAttributes (6ms)
				AfterProcessingInitializeOnLoad (8ms)
				EditorAssembliesLoaded (0ms)
			ExecutionOrderSort2 (0ms)
			AwakeInstancesAfterBackupRestoration (11ms)
Platform modules already initialized, skipping
Refreshing native plugins compatible for Editor in 0.50 ms, found 3 plugins.
Preloading 0 native plugins for Editor in 0.00 ms.
Unloading 2090 Unused Serialized files (Serialized files now loaded: 0)
System memory in use before: 92.8 MB.
System memory in use after: 92.9 MB.

Unloading 14 unused Assets to reduce memory usage. Loaded Objects now: 2544.
Total: 3.220700 ms (FindLiveObjects: 0.210700 ms CreateObjectMapping: 0.045600 ms MarkObjects: 2.943200 ms  DeleteObjects: 0.020100 ms)

AssetImportParameters requested are different than current active one (requested -> active):
  custom:framework-win-MediaFoundation: 216162199b28c13a410421893ffa2e32 -> 
  custom:video-decoder-ogg-theora: a1e56fd34408186e4bbccfd4996cb3dc -> 
  custom:container-muxer-webm: aa71ff27fc2769a1b78a27578f13a17b -> 
  custom:container-demuxer-webm: 4f35f7cbe854078d1ac9338744f61a02 -> 
  custom:container-demuxer-ogg: 62fdf1f143b41e24485cea50d1cbac27 -> 
  custom:video-encoder-webm-vp8: eb34c28f22e8b96e1ab97ce403110664 -> 
  custom:video-decoder-webm-vp8: 9c59270c3fd7afecdb556c50c9e8de78 -> 
  custom:audio-decoder-ogg-vorbis: bf7c407c2cedff20999df2af8eb42d56 -> 
  custom:audio-encoder-webm-vorbis: bf7c407c2cedff20999df2af8eb42d56 -> 
========================================================================
Received Prepare
Registering precompiled user dll's ...
Registered in 0.004714 seconds.
Begin MonoManager ReloadAssembly
Symbol file data-0000027B776D7060 doesn't match image C:\Users\Nick\Desktop\GDC\Caravan-Master\Caravan Master\Library\ScriptAssemblies\Unity.2D.Animation.Editor.dll
Symbol file LoadedFromMemory is not a mono symbol file
Symbol file data-0000027B74B292E0 doesn't match image C:\Users\Nick\Desktop\GDC\Caravan-Master\Caravan Master\Library\ScriptAssemblies\Unity.InternalAPIEngineBridge.001.dll
Symbol file LoadedFromMemory is not a mono symbol file
Symbol file data-0000027B77545090 doesn't match image C:\Users\Nick\Desktop\GDC\Caravan-Master\Caravan Master\Library\ScriptAssemblies\Unity.VSCode.Editor.dll
Symbol file LoadedFromMemory is not a mono symbol file
Symbol file data-0000027B747CD7A0 doesn't match image C:\Users\Nick\Desktop\GDC\Caravan-Master\Caravan Master\Library\ScriptAssemblies\Unity.2D.PixelPerfect.dll
Symbol file LoadedFromMemory is not a mono symbol file
Symbol file data-0000027B73597010 doesn't match image C:\Users\Nick\Desktop\GDC\Caravan-Master\Caravan Master\Library\ScriptAssemblies\Unity.2D.Tilemap.Editor.dll
Symbol file LoadedFromMemory is not a mono symbol file
Symbol file data-0000027B7342B640 doesn't match image C:\Users\Nick\Desktop\GDC\Caravan-Master\Caravan Master\Library\ScriptAssemblies\PsdPlugin.dll
Symbol file LoadedFromMemory is not a mono symbol file
Symbol file data-0000027B7731F020 doesn't match image C:\Users\Nick\Desktop\GDC\Caravan-Master\Caravan Master\Library\ScriptAssemblies\Unity.TextMeshPro.Editor.dll
Symbol file LoadedFromMemory is not a mono symbol file
Symbol file data-0000027B773BD010 doesn't match image C:\Users\Nick\Desktop\GDC\Caravan-Master\Caravan Master\Library\ScriptAssemblies\Unity.VisualStudio.Editor.dll
Symbol file LoadedFromMemory is not a mono symbol file
Symbol file data-0000027B76C3E020 doesn't match image C:\Users\Nick\Desktop\GDC\Caravan-Master\Caravan Master\Library\ScriptAssemblies\UnityEngine.TestRunner.dll
Symbol file LoadedFromMemory is not a mono symbol file
Symbol file data-0000027B73597010 doesn't match image C:\Users\Nick\Desktop\GDC\Caravan-Master\Caravan Master\Library\ScriptAssemblies\Unity.Timeline.dll
Symbol file LoadedFromMemory is not a mono symbol file
Symbol file data-0000027B776D7060 doesn't match image C:\Users\Nick\Desktop\GDC\Caravan-Master\Caravan Master\Library\ScriptAssemblies\Unity.TextMeshPro.dll
Symbol file LoadedFromMemory is not a mono symbol file
Symbol file data-0000027B7286AB10 doesn't match image C:\Users\Nick\Desktop\GDC\Caravan-Master\Caravan Master\Library\ScriptAssemblies\UnityEditor.TestRunner.dll
Symbol file LoadedFromMemory is not a mono symbol file
Symbol file data-0000027B77545090 doesn't match image C:\Users\Nick\Desktop\GDC\Caravan-Master\Caravan Master\Library\ScriptAssemblies\Unity.2D.IK.Editor.dll
Symbol file LoadedFromMemory is not a mono symbol file
Symbol file data-0000027B73EA69E0 doesn't match image C:\Users\Nick\Desktop\GDC\Caravan-Master\Caravan Master\Library\ScriptAssemblies\Unity.2D.Sprite.Editor.dll
Symbol file LoadedFromMemory is not a mono symbol file
Symbol file data-0000027B77AC3960 doesn't match image C:\Users\Nick\Desktop\GDC\Caravan-Master\Caravan Master\Library\ScriptAssemblies\Unity.2D.Psdimporter.Editor.dll
Symbol file LoadedFromMemory is not a mono symbol file
Symbol file data-0000027B77AC3960 doesn't match image C:\Users\Nick\Desktop\GDC\Caravan-Master\Caravan Master\Library\ScriptAssemblies\Unity.2D.Path.Editor.dll
Symbol file LoadedFromMemory is not a mono symbol file
Symbol file data-0000027B77AC9D40 doesn't match image C:\Users\Nick\Desktop\GDC\Caravan-Master\Caravan Master\Library\ScriptAssemblies\Unity.InternalAPIEditorBridge.001.dll
Symbol file LoadedFromMemory is not a mono symbol file
Symbol file data-0000027B7342B640 doesn't match image C:\Users\Nick\Desktop\GDC\Caravan-Master\Caravan Master\Library\ScriptAssemblies\UnityEditor.UI.dll
Symbol file LoadedFromMemory is not a mono symbol file
Symbol file data-0000027B77A8B8F0 doesn't match image C:\Users\Nick\Desktop\GDC\Caravan-Master\Caravan Master\Library\ScriptAssemblies\Unity.PlasticSCM.Editor.dll
Symbol file LoadedFromMemory is not a mono symbol file
Symbol file data-0000027B77304630 doesn't match image C:\Users\Nick\Desktop\GDC\Caravan-Master\Caravan Master\Library\ScriptAssemblies\Unity.Rider.Editor.dll
Symbol file LoadedFromMemory is not a mono symbol file
Symbol file data-0000027B70FDC010 doesn't match image C:\Users\Nick\Desktop\GDC\Caravan-Master\Caravan Master\Library\ScriptAssemblies\UnityEngine.UI.dll
Symbol file LoadedFromMemory is not a mono symbol file
Symbol file data-0000027B7603C010 doesn't match image C:\Users\Nick\Desktop\GDC\Caravan-Master\Caravan Master\Library\ScriptAssemblies\Unity.Mathematics.dll
Symbol file LoadedFromMemory is not a mono symbol file
Symbol file data-0000027B77545090 doesn't match image C:\Users\Nick\Desktop\GDC\Caravan-Master\Caravan Master\Library\ScriptAssemblies\Unity.2D.IK.Runtime.dll
Symbol file LoadedFromMemory is not a mono symbol file
Symbol file data-0000027B70FDC010 doesn't match image C:\Users\Nick\Desktop\GDC\Caravan-Master\Caravan Master\Library\ScriptAssemblies\Unity.2D.Animation.Triangle.Runtime.dll
Symbol file LoadedFromMemory is not a mono symbol file
Symbol file data-0000027B77545090 doesn't match image C:\Users\Nick\Desktop\GDC\Caravan-Master\Caravan Master\Library\ScriptAssemblies\Unity.2D.Animation.Runtime.dll
Symbol file LoadedFromMemory is not a mono symbol file
Symbol file data-0000027B773C4620 doesn't match image C:\Users\Nick\Desktop\GDC\Caravan-Master\Caravan Master\Library\ScriptAssemblies\Unity.2D.PixelPerfect.Editor.dll
Symbol file LoadedFromMemory is not a mono symbol file
Symbol file data-0000027B7128D8C0 doesn't match image C:\Users\Nick\Desktop\GDC\Caravan-Master\Caravan Master\Library\ScriptAssemblies\Unity.Timeline.Editor.dll
Symbol file LoadedFromMemory is not a mono symbol file
Symbol file data-0000027B76C3E020 doesn't match image C:\Users\Nick\Desktop\GDC\Caravan-Master\Caravan Master\Library\ScriptAssemblies\Unity.CollabProxy.Editor.dll
Symbol file LoadedFromMemory is not a mono symbol file
Symbol file data-0000027B72AA5FE0 doesn't match image C:\Users\Nick\Desktop\GDC\Caravan-Master\Caravan Master\Library\ScriptAssemblies\Unity.Mathematics.Editor.dll
Symbol file LoadedFromMemory is not a mono symbol file
Symbol file data-0000027B7730BA60 doesn't match image C:\Users\Nick\Desktop\GDC\Caravan-Master\Caravan Master\Library\ScriptAssemblies\Unity.2D.Common.Runtime.dll
Symbol file LoadedFromMemory is not a mono symbol file
Symbol file data-0000027B73356C60 doesn't match image C:\Users\Nick\Desktop\GDC\Caravan-Master\Caravan Master\Library\ScriptAssemblies\Unity.2D.SpriteShape.Editor.dll
Symbol file LoadedFromMemory is not a mono symbol file
Symbol file data-0000027B7335E670 doesn't match image C:\Users\Nick\Desktop\GDC\Caravan-Master\Caravan Master\Library\ScriptAssemblies\Unity.2D.Common.Editor.dll
Symbol file LoadedFromMemory is not a mono symbol file
Symbol file data-0000027B76EF8020 doesn't match image C:\Users\Nick\Desktop\GDC\Caravan-Master\Caravan Master\Library\ScriptAssemblies\Unity.2D.SpriteShape.Runtime.dll
Symbol file LoadedFromMemory is not a mono symbol file
Native extension for WindowsStandalone target not found
Refreshing native plugins compatible for Editor in 0.51 ms, found 3 plugins.
Preloading 0 native plugins for Editor in 0.00 ms.
Mono: successfully reloaded assembly
- Completed reload, in  0.949 seconds
Domain Reload Profiling:
	ReloadAssembly (950ms)
		BeginReloadAssembly (109ms)
			ExecutionOrderSort (0ms)
			DisableScriptedObjects (7ms)
			BackupInstance (0ms)
			ReleaseScriptingObjects (0ms)
			CreateAndSetChildDomain (34ms)
		EndReloadAssembly (771ms)
			LoadAssemblies (89ms)
			RebuildTransferFunctionScriptingTraits (0ms)
			SetupTypeCache (274ms)
			ReleaseScriptCaches (1ms)
			RebuildScriptCaches (41ms)
			SetupLoadedEditorAssemblies (270ms)
				LogAssemblyErrors (0ms)
				InitializePlatformSupportModulesInManaged (5ms)
				SetLoadedEditorAssemblies (1ms)
				RefreshPlugins (1ms)
				BeforeProcessingInitializeOnLoad (59ms)
				ProcessInitializeOnLoadAttributes (192ms)
				ProcessInitializeOnLoadMethodAttributes (5ms)
				AfterProcessingInitializeOnLoad (7ms)
				EditorAssembliesLoaded (0ms)
			ExecutionOrderSort2 (0ms)
			AwakeInstancesAfterBackupRestoration (9ms)
Platform modules already initialized, skipping
Refreshing native plugins compatible for Editor in 0.46 ms, found 3 plugins.
Preloading 0 native plugins for Editor in 0.00 ms.
Unloading 2090 Unused Serialized files (Serialized files now loaded: 0)
System memory in use before: 92.9 MB.
System memory in use after: 93.0 MB.

Unloading 14 unused Assets to reduce memory usage. Loaded Objects now: 2547.
Total: 3.282600 ms (FindLiveObjects: 0.199400 ms CreateObjectMapping: 0.045200 ms MarkObjects: 3.015100 ms  DeleteObjects: 0.021700 ms)

AssetImportParameters requested are different than current active one (requested -> active):
  custom:framework-win-MediaFoundation: 216162199b28c13a410421893ffa2e32 -> 
  custom:video-decoder-ogg-theora: a1e56fd34408186e4bbccfd4996cb3dc -> 
  custom:container-muxer-webm: aa71ff27fc2769a1b78a27578f13a17b -> 
  custom:container-demuxer-webm: 4f35f7cbe854078d1ac9338744f61a02 -> 
  custom:container-demuxer-ogg: 62fdf1f143b41e24485cea50d1cbac27 -> 
  custom:video-encoder-webm-vp8: eb34c28f22e8b96e1ab97ce403110664 -> 
  custom:video-decoder-webm-vp8: 9c59270c3fd7afecdb556c50c9e8de78 -> 
  custom:audio-decoder-ogg-vorbis: bf7c407c2cedff20999df2af8eb42d56 -> 
  custom:audio-encoder-webm-vorbis: bf7c407c2cedff20999df2af8eb42d56 -> 
========================================================================
Received Import Request.
  Time since last request: 19.452368 seconds.
  path: Assets/Scripts/TradePanel.cs
  artifactKey: Guid(00cc8eaed5b4672479d2156f7d54ef3f) Importer(815301076,1909f56bfc062723c751e8b465ee728b)
Start importing Assets/Scripts/TradePanel.cs using Guid(00cc8eaed5b4672479d2156f7d54ef3f) Importer(815301076,1909f56bfc062723c751e8b465ee728b)  -> (artifact id: '5b209d8c61388a0856ef59dd136a75f2') in 0.008883 seconds 
  Import took 0.011854 seconds .

AssetImportWorkerClient::OnTransportError - code=2 error=End of file
